<?xml version="1.0" encoding="UTF-8"?>
<testsuite name="com.upvote.aismpro.AismproApplicationTests" tests="1" skipped="0" failures="0" errors="0" timestamp="2021-08-24T06:54:17" hostname="upvote3ui-Macmini.local" time="0.05">
  <properties/>
  <testcase name="contextLoads()" classname="com.upvote.aismpro.AismproApplicationTests" time="0.05"/>
  <system-out><![CDATA[15:54:14.753 [Test worker] DEBUG org.springframework.test.context.BootstrapUtils - Instantiating CacheAwareContextLoaderDelegate from class [org.springframework.test.context.cache.DefaultCacheAwareContextLoaderDelegate]
15:54:14.763 [Test worker] DEBUG org.springframework.test.context.BootstrapUtils - Instantiating BootstrapContext using constructor [public org.springframework.test.context.support.DefaultBootstrapContext(java.lang.Class,org.springframework.test.context.CacheAwareContextLoaderDelegate)]
15:54:14.807 [Test worker] DEBUG org.springframework.test.context.BootstrapUtils - Instantiating TestContextBootstrapper for test class [com.upvote.aismpro.AismproApplicationTests] from class [org.springframework.boot.test.context.SpringBootTestContextBootstrapper]
15:54:14.828 [Test worker] INFO org.springframework.boot.test.context.SpringBootTestContextBootstrapper - Neither @ContextConfiguration nor @ContextHierarchy found for test class [com.upvote.aismpro.AismproApplicationTests], using SpringBootContextLoader
15:54:14.831 [Test worker] DEBUG org.springframework.test.context.support.AbstractContextLoader - Did not detect default resource location for test class [com.upvote.aismpro.AismproApplicationTests]: class path resource [com/upvote/aismpro/AismproApplicationTests-context.xml] does not exist
15:54:14.831 [Test worker] DEBUG org.springframework.test.context.support.AbstractContextLoader - Did not detect default resource location for test class [com.upvote.aismpro.AismproApplicationTests]: class path resource [com/upvote/aismpro/AismproApplicationTestsContext.groovy] does not exist
15:54:14.831 [Test worker] INFO org.springframework.test.context.support.AbstractContextLoader - Could not detect default resource locations for test class [com.upvote.aismpro.AismproApplicationTests]: no resource found for suffixes {-context.xml, Context.groovy}.
15:54:14.832 [Test worker] INFO org.springframework.test.context.support.AnnotationConfigContextLoaderUtils - Could not detect default configuration classes for test class [com.upvote.aismpro.AismproApplicationTests]: AismproApplicationTests does not declare any static, non-private, non-final, nested classes annotated with @Configuration.
15:54:14.863 [Test worker] DEBUG org.springframework.test.context.support.ActiveProfilesUtils - Could not find an 'annotation declaring class' for annotation type [org.springframework.test.context.ActiveProfiles] and class [com.upvote.aismpro.AismproApplicationTests]
15:54:14.919 [Test worker] DEBUG org.springframework.context.annotation.ClassPathScanningCandidateComponentProvider - Identified candidate component class: file [/Users/upvote3/chaeeun/dev/IdeaProjects/aismpro/build/classes/java/main/com/upvote/aismpro/AismproApplication.class]
15:54:14.921 [Test worker] INFO org.springframework.boot.test.context.SpringBootTestContextBootstrapper - Found @SpringBootConfiguration com.upvote.aismpro.AismproApplication for test class com.upvote.aismpro.AismproApplicationTests
15:54:15.031 [Test worker] DEBUG org.springframework.boot.test.context.SpringBootTestContextBootstrapper - @TestExecutionListeners is not present for class [com.upvote.aismpro.AismproApplicationTests]: using defaults.
15:54:15.032 [Test worker] INFO org.springframework.boot.test.context.SpringBootTestContextBootstrapper - Loaded default TestExecutionListener class names from location [META-INF/spring.factories]: [org.springframework.boot.test.autoconfigure.restdocs.RestDocsTestExecutionListener, org.springframework.boot.test.autoconfigure.web.client.MockRestServiceServerResetTestExecutionListener, org.springframework.boot.test.autoconfigure.web.servlet.MockMvcPrintOnlyOnFailureTestExecutionListener, org.springframework.boot.test.autoconfigure.web.servlet.WebDriverTestExecutionListener, org.springframework.boot.test.autoconfigure.webservices.client.MockWebServiceServerTestExecutionListener, org.springframework.boot.test.mock.mockito.MockitoTestExecutionListener, org.springframework.boot.test.mock.mockito.ResetMocksTestExecutionListener, org.springframework.test.context.web.ServletTestExecutionListener, org.springframework.test.context.support.DirtiesContextBeforeModesTestExecutionListener, org.springframework.test.context.event.ApplicationEventsTestExecutionListener, org.springframework.test.context.support.DependencyInjectionTestExecutionListener, org.springframework.test.context.support.DirtiesContextTestExecutionListener, org.springframework.test.context.transaction.TransactionalTestExecutionListener, org.springframework.test.context.jdbc.SqlScriptsTestExecutionListener, org.springframework.test.context.event.EventPublishingTestExecutionListener]
15:54:15.046 [Test worker] INFO org.springframework.boot.test.context.SpringBootTestContextBootstrapper - Using TestExecutionListeners: [org.springframework.test.context.web.ServletTestExecutionListener@70c1260a, org.springframework.test.context.support.DirtiesContextBeforeModesTestExecutionListener@3e1a91a1, org.springframework.test.context.event.ApplicationEventsTestExecutionListener@de12aac, org.springframework.boot.test.mock.mockito.MockitoTestExecutionListener@49c953, org.springframework.boot.test.autoconfigure.SpringBootDependencyInjectionTestExecutionListener@79c14e26, org.springframework.test.context.support.DirtiesContextTestExecutionListener@133c4f26, org.springframework.test.context.transaction.TransactionalTestExecutionListener@170cb3a7, org.springframework.test.context.jdbc.SqlScriptsTestExecutionListener@5941f344, org.springframework.test.context.event.EventPublishingTestExecutionListener@2a822634, org.springframework.boot.test.autoconfigure.restdocs.RestDocsTestExecutionListener@5b36093d, org.springframework.boot.test.autoconfigure.web.client.MockRestServiceServerResetTestExecutionListener@29551877, org.springframework.boot.test.autoconfigure.web.servlet.MockMvcPrintOnlyOnFailureTestExecutionListener@7f5805ca, org.springframework.boot.test.autoconfigure.web.servlet.WebDriverTestExecutionListener@44503f93, org.springframework.boot.test.autoconfigure.webservices.client.MockWebServiceServerTestExecutionListener@2fc4b9c5, org.springframework.boot.test.mock.mockito.ResetMocksTestExecutionListener@2e538aea]
15:54:15.050 [Test worker] DEBUG org.springframework.test.context.support.AbstractDirtiesContextTestExecutionListener - Before test class: context [DefaultTestContext@45bc1b9a testClass = AismproApplicationTests, testInstance = [null], testMethod = [null], testException = [null], mergedContextConfiguration = [WebMergedContextConfiguration@a94f38 testClass = AismproApplicationTests, locations = '{}', classes = '{class com.upvote.aismpro.AismproApplication}', contextInitializerClasses = '[]', activeProfiles = '{}', propertySourceLocations = '{}', propertySourceProperties = '{org.springframework.boot.test.context.SpringBootTestContextBootstrapper=true}', contextCustomizers = set[org.springframework.boot.test.autoconfigure.actuate.metrics.MetricsExportContextCustomizerFactory$DisableMetricExportContextCustomizer@403c84c6, org.springframework.boot.test.autoconfigure.properties.PropertyMappingContextCustomizer@0, org.springframework.boot.test.autoconfigure.web.servlet.WebDriverContextCustomizerFactory$Customizer@4e73f324, org.springframework.boot.test.context.filter.ExcludeFilterContextCustomizer@77fd2aa1, org.springframework.boot.test.json.DuplicateJsonObjectContextCustomizerFactory$DuplicateJsonObjectContextCustomizer@2b573e35, org.springframework.boot.test.mock.mockito.MockitoContextCustomizer@0, org.springframework.boot.test.web.client.TestRestTemplateContextCustomizer@36c0409d, org.springframework.boot.test.context.SpringBootTestArgs@1, org.springframework.boot.test.context.SpringBootTestWebEnvironment@1b9af65], resourceBasePath = 'src/main/webapp', contextLoader = 'org.springframework.boot.test.context.SpringBootContextLoader', parent = [null]], attributes = map['org.springframework.test.context.web.ServletTestExecutionListener.activateListener' -> true]], class annotated with @DirtiesContext [false] with mode [null].
15:54:15.098 [Test worker] DEBUG org.springframework.test.context.support.TestPropertySourceUtils - Adding inlined properties to environment: {spring.jmx.enabled=false, org.springframework.boot.test.context.SpringBootTestContextBootstrapper=true}

  .   ____          _            __ _ _
 /\\ / ___'_ __ _ _(_)_ __  __ _ \ \ \ \
( ( )\___ | '_ | '_| | '_ \/ _` | \ \ \ \
 \\/  ___)| |_)| | | | | || (_| |  ) ) ) )
  '  |____| .__|_| |_|_| |_\__, | / / / /
 =========|_|==============|___/=/_/_/_/
 :: Spring Boot ::                (v2.5.3)

2021-08-24 15:54:15.331  INFO 9550 --- [    Test worker] c.u.aismpro.AismproApplicationTests      : Starting AismproApplicationTests using Java 1.8.0_291 on upvote3ui-Macmini.local with PID 9550 (started by upvote3 in /Users/upvote3/chaeeun/dev/IdeaProjects/aismpro)
2021-08-24 15:54:15.335  INFO 9550 --- [    Test worker] c.u.aismpro.AismproApplicationTests      : No active profile set, falling back to default profiles: default
2021-08-24 15:54:15.827  INFO 9550 --- [    Test worker] .s.d.r.c.RepositoryConfigurationDelegate : Bootstrapping Spring Data JPA repositories in DEFAULT mode.
2021-08-24 15:54:15.836  INFO 9550 --- [    Test worker] .s.d.r.c.RepositoryConfigurationDelegate : Finished Spring Data repository scanning in 4 ms. Found 0 JPA repository interfaces.
2021-08-24 15:54:16.295  INFO 9550 --- [    Test worker] com.zaxxer.hikari.HikariDataSource       : HikariPool-1 - Starting...
2021-08-24 15:54:16.304  WARN 9550 --- [    Test worker] com.zaxxer.hikari.util.DriverDataSource  : Registered driver with driverClassName=com.mysql.jdbc.Driver was not found, trying direct instantiation.
2021-08-24 15:54:16.618  INFO 9550 --- [    Test worker] com.zaxxer.hikari.HikariDataSource       : HikariPool-1 - Start completed.
2021-08-24 15:54:16.661  INFO 9550 --- [    Test worker] o.hibernate.jpa.internal.util.LogHelper  : HHH000204: Processing PersistenceUnitInfo [name: default]
2021-08-24 15:54:16.713  INFO 9550 --- [    Test worker] org.hibernate.Version                    : HHH000412: Hibernate ORM core version 5.4.32.Final
2021-08-24 15:54:16.841  INFO 9550 --- [    Test worker] o.hibernate.annotations.common.Version   : HCANN000001: Hibernate Commons Annotations {5.1.2.Final}
2021-08-24 15:54:16.928  INFO 9550 --- [    Test worker] org.hibernate.dialect.Dialect            : HHH000400: Using dialect: org.hibernate.dialect.MySQL57Dialect
2021-08-24 15:54:17.115  INFO 9550 --- [    Test worker] o.h.e.t.j.p.i.JtaPlatformInitiator       : HHH000490: Using JtaPlatform implementation: [org.hibernate.engine.transaction.jta.platform.internal.NoJtaPlatform]
2021-08-24 15:54:17.122  INFO 9550 --- [    Test worker] j.LocalContainerEntityManagerFactoryBean : Initialized JPA EntityManagerFactory for persistence unit 'default'
2021-08-24 15:54:17.327  WARN 9550 --- [    Test worker] JpaBaseConfiguration$JpaWebConfiguration : spring.jpa.open-in-view is enabled by default. Therefore, database queries may be performed during view rendering. Explicitly configure spring.jpa.open-in-view to disable this warning
2021-08-24 15:54:17.819  INFO 9550 --- [    Test worker] c.u.aismpro.AismproApplicationTests      : Started AismproApplicationTests in 2.716 seconds (JVM running for 3.795)
]]></system-out>
  <system-err><![CDATA[Loading class `com.mysql.jdbc.Driver'. This is deprecated. The new driver class is `com.mysql.cj.jdbc.Driver'. The driver is automatically registered via the SPI and manual loading of the driver class is generally unnecessary.
]]></system-err>
</testsuite>
